
Meeting Request - 2026-06-04T20:26:09.069Z
Email: marcobraunschweiler@gmail.com
Date: Wednesday, June 17, 2026
Time: 12:00 PM
Timezone: Europe/Rome
Topic: stuff
-------------------

Meeting Request - 2026-06-04T20:29:40.119Z
Email: marcobraunschweiler@gmail.com
Date: Thursday, June 18, 2026
Time: 12:00 PM
Timezone: Europe/Rome
Topic: syyyyyyy
-------------------

Meeting Request - 2026-06-04T20:33:54.891Z
Email: marcobraunschweiler@gmail.com
Date: Wednesday, June 24, 2026
Time: 12:00 PM
Timezone: Europe/Rome
Topic: cat stuff
-------------------
